     1                                  
     2                                  section .bss  ; uninitialized data
     3                                  
     4                                  section .data ; initialized data
     5                                  
     6 00000000 48656C6C6F20576F72-     HelloWorld: db "Hello World!", 10
     6 00000009 6C64210A           
     7                                  length: equ $-HelloWorld
     8                                  
     9                                  section .text ; main code
    10                                  
    11                                  
    12                                  global _start
    13                                  
    14                                  _start:
    15 00000000 90                              nop
    16                                  
    17 00000001 B804000000              Read:   mov eax, 4
    18 00000006 BB01000000                      mov ebx, 1
    19 0000000B B9[00000000]                    mov ecx, HelloWorld
    20 00000010 BA0D000000                      mov edx, length
    21 00000015 CD80                            int 80h
    22                                  
    23                                  Done: 
    24 00000017 B801000000                      mov eax, 1 
    25 0000001C BB00000000                      mov ebx, 0 
    26 00000021 CD80                            int 80h
    27                                  
    28                                  
